This is pdfTeXk, Version 3.141592-1.40.3 (Web2C 7.5.6) (format=pdflatex 2009.5.28)  10 FEB 2010 08:20
entering extended mode
 %&-line parsing enabled.
**songbook.tex
(./songbook.tex
LaTeX2e <2005/12/01>
Babel <v3.8h> and hyphenation patterns for english, usenglishmax, dumylang, noh
yphenation, loaded.
(/usr/share/texmf-texlive/tex/latex/base/book.cls
Document Class: book 2005/09/16 v1.4f Standard LaTeX document class
(/usr/share/texmf-texlive/tex/latex/base/bk10.clo
File: bk10.clo 2005/09/16 v1.4f Standard LaTeX file (size option)
)
\c@part=\count79
\c@chapter=\count80
\c@section=\count81
\c@subsection=\count82
\c@subsubsection=\count83
\c@paragraph=\count84
\c@subparagraph=\count85
\c@figure=\count86
\c@table=\count87
\abovecaptionskip=\skip41
\belowcaptionskip=\skip42
\bibindent=\dimen102
)
(/usr/share/texmf-texlive/tex/latex/geometry/geometry.sty
Package: geometry 2002/07/08 v3.2 Page Geometry

(/usr/share/texmf-texlive/tex/latex/graphics/keyval.sty
Package: keyval 1999/03/16 v1.13 key=value parser (DPC)
\KV@toks@=\toks14
)
\Gm@cnth=\count88
\Gm@cntv=\count89
\c@Gm@tempcnt=\count90
\Gm@bindingoffset=\dimen103
\Gm@wd@mp=\dimen104
\Gm@odd@mp=\dimen105
\Gm@even@mp=\dimen106
\Gm@dimlist=\toks15
)
(/usr/share/texmf-texlive/tex/latex/base/inputenc.sty
Package: inputenc 2006/05/05 v1.1b Input encoding file
\inpenc@prehook=\toks16
\inpenc@posthook=\toks17

(/usr/share/texmf-texlive/tex/latex/base/utf8.def
File: utf8.def 2006/03/30 v1.1i UTF-8 support for inputenc
Now handling font encoding OML ...
... no UTF-8 mapping file for font encoding OML
Now handling font encoding T1 ...
... processing UTF-8 mapping file for font encodingT1

(/usr/share/texmf-texlive/tex/latex/base/t1enc.dfu
File: t1enc.dfu 2006/03/30 v1.1i UTF-8 support for inputenc
   defining Unicode char U+00A1 (decimal 161)
   defining Unicode char U+00A3 (decimal 163)
   defining Unicode char U+00AB (decimal 171)
   defining Unicode char U+00BB (decimal 187)
   defining Unicode char U+00BF (decimal 191)
   defining Unicode char U+00C0 (decimal 192)
   defining Unicode char U+00C1 (decimal 193)
   defining Unicode char U+00C2 (decimal 194)
   defining Unicode char U+00C3 (decimal 195)
   defining Unicode char U+00C4 (decimal 196)
   defining Unicode char U+00C5 (decimal 197)
   defining Unicode char U+00C6 (decimal 198)
   defining Unicode char U+00C7 (decimal 199)
   defining Unicode char U+00C8 (decimal 200)
   defining Unicode char U+00C9 (decimal 201)
   defining Unicode char U+00CA (decimal 202)
   defining Unicode char U+00CB (decimal 203)
   defining Unicode char U+00CC (decimal 204)
   defining Unicode char U+00CD (decimal 205)
   defining Unicode char U+00CE (decimal 206)
   defining Unicode char U+00CF (decimal 207)
   defining Unicode char U+00D0 (decimal 208)
   defining Unicode char U+00D1 (decimal 209)
   defining Unicode char U+00D2 (decimal 210)
   defining Unicode char U+00D3 (decimal 211)
   defining Unicode char U+00D4 (decimal 212)
   defining Unicode char U+00D5 (decimal 213)
   defining Unicode char U+00D6 (decimal 214)
   defining Unicode char U+00D8 (decimal 216)
   defining Unicode char U+00D9 (decimal 217)
   defining Unicode char U+00DA (decimal 218)
   defining Unicode char U+00DB (decimal 219)
   defining Unicode char U+00DC (decimal 220)
   defining Unicode char U+00DD (decimal 221)
   defining Unicode char U+00DE (decimal 222)
   defining Unicode char U+00DF (decimal 223)
   defining Unicode char U+00E0 (decimal 224)
   defining Unicode char U+00E1 (decimal 225)
   defining Unicode char U+00E2 (decimal 226)
   defining Unicode char U+00E3 (decimal 227)
   defining Unicode char U+00E4 (decimal 228)
   defining Unicode char U+00E5 (decimal 229)
   defining Unicode char U+00E6 (decimal 230)
   defining Unicode char U+00E7 (decimal 231)
   defining Unicode char U+00E8 (decimal 232)
   defining Unicode char U+00E9 (decimal 233)
   defining Unicode char U+00EA (decimal 234)
   defining Unicode char U+00EB (decimal 235)
   defining Unicode char U+00EC (decimal 236)
   defining Unicode char U+00ED (decimal 237)
   defining Unicode char U+00EE (decimal 238)
   defining Unicode char U+00EF (decimal 239)
   defining Unicode char U+00F0 (decimal 240)
   defining Unicode char U+00F1 (decimal 241)
   defining Unicode char U+00F2 (decimal 242)
   defining Unicode char U+00F3 (decimal 243)
   defining Unicode char U+00F4 (decimal 244)
   defining Unicode char U+00F5 (decimal 245)
   defining Unicode char U+00F6 (decimal 246)
   defining Unicode char U+00F8 (decimal 248)
   defining Unicode char U+00F9 (decimal 249)
   defining Unicode char U+00FA (decimal 250)
   defining Unicode char U+00FB (decimal 251)
   defining Unicode char U+00FC (decimal 252)
   defining Unicode char U+00FD (decimal 253)
   defining Unicode char U+00FE (decimal 254)
   defining Unicode char U+00FF (decimal 255)
   defining Unicode char U+0102 (decimal 258)
   defining Unicode char U+0103 (decimal 259)
   defining Unicode char U+0104 (decimal 260)
   defining Unicode char U+0105 (decimal 261)
   defining Unicode char U+0106 (decimal 262)
   defining Unicode char U+0107 (decimal 263)
   defining Unicode char U+010C (decimal 268)
   defining Unicode char U+010D (decimal 269)
   defining Unicode char U+010E (decimal 270)
   defining Unicode char U+010F (decimal 271)
   defining Unicode char U+0110 (decimal 272)
   defining Unicode char U+0111 (decimal 273)
   defining Unicode char U+0118 (decimal 280)
   defining Unicode char U+0119 (decimal 281)
   defining Unicode char U+011A (decimal 282)
   defining Unicode char U+011B (decimal 283)
   defining Unicode char U+011E (decimal 286)
   defining Unicode char U+011F (decimal 287)
   defining Unicode char U+0130 (decimal 304)
   defining Unicode char U+0131 (decimal 305)
   defining Unicode char U+0132 (decimal 306)
   defining Unicode char U+0133 (decimal 307)
   defining Unicode char U+0139 (decimal 313)
   defining Unicode char U+013A (decimal 314)
   defining Unicode char U+013D (decimal 317)
   defining Unicode char U+013E (decimal 318)
   defining Unicode char U+0141 (decimal 321)
   defining Unicode char U+0142 (decimal 322)
   defining Unicode char U+0143 (decimal 323)
   defining Unicode char U+0144 (decimal 324)
   defining Unicode char U+0147 (decimal 327)
   defining Unicode char U+0148 (decimal 328)
   defining Unicode char U+014A (decimal 330)
   defining Unicode char U+014B (decimal 331)
   defining Unicode char U+0150 (decimal 336)
   defining Unicode char U+0151 (decimal 337)
   defining Unicode char U+0152 (decimal 338)
   defining Unicode char U+0153 (decimal 339)
   defining Unicode char U+0154 (decimal 340)
   defining Unicode char U+0155 (decimal 341)
   defining Unicode char U+0158 (decimal 344)
   defining Unicode char U+0159 (decimal 345)
   defining Unicode char U+015A (decimal 346)
   defining Unicode char U+015B (decimal 347)
   defining Unicode char U+015E (decimal 350)
   defining Unicode char U+015F (decimal 351)
   defining Unicode char U+0160 (decimal 352)
   defining Unicode char U+0161 (decimal 353)
   defining Unicode char U+0162 (decimal 354)
   defining Unicode char U+0163 (decimal 355)
   defining Unicode char U+0164 (decimal 356)
   defining Unicode char U+0165 (decimal 357)
   defining Unicode char U+016E (decimal 366)
   defining Unicode char U+016F (decimal 367)
   defining Unicode char U+0170 (decimal 368)
   defining Unicode char U+0171 (decimal 369)
   defining Unicode char U+0178 (decimal 376)
   defining Unicode char U+0179 (decimal 377)
   defining Unicode char U+017A (decimal 378)
   defining Unicode char U+017B (decimal 379)
   defining Unicode char U+017C (decimal 380)
   defining Unicode char U+017D (decimal 381)
   defining Unicode char U+017E (decimal 382)
   defining Unicode char U+200C (decimal 8204)
   defining Unicode char U+2013 (decimal 8211)
   defining Unicode char U+2014 (decimal 8212)
   defining Unicode char U+2018 (decimal 8216)
   defining Unicode char U+2019 (decimal 8217)
   defining Unicode char U+201A (decimal 8218)
   defining Unicode char U+201C (decimal 8220)
   defining Unicode char U+201D (decimal 8221)
   defining Unicode char U+201E (decimal 8222)
   defining Unicode char U+2030 (decimal 8240)
   defining Unicode char U+2031 (decimal 8241)
   defining Unicode char U+2039 (decimal 8249)
   defining Unicode char U+203A (decimal 8250)
   defining Unicode char U+2423 (decimal 9251)
)
Now handling font encoding OT1 ...
... processing UTF-8 mapping file for font encodingOT1

(/usr/share/texmf-texlive/tex/latex/base/ot1enc.dfu
File: ot1enc.dfu 2006/03/30 v1.1i UTF-8 support for inputenc
   defining Unicode char U+00A1 (decimal 161)
   defining Unicode char U+00A3 (decimal 163)
   defining Unicode char U+00B8 (decimal 184)
   defining Unicode char U+00BF (decimal 191)
   defining Unicode char U+00C5 (decimal 197)
   defining Unicode char U+00C6 (decimal 198)
   defining Unicode char U+00D8 (decimal 216)
   defining Unicode char U+00DF (decimal 223)
   defining Unicode char U+00E6 (decimal 230)
   defining Unicode char U+00EC (decimal 236)
   defining Unicode char U+00ED (decimal 237)
   defining Unicode char U+00EE (decimal 238)
   defining Unicode char U+00EF (decimal 239)
   defining Unicode char U+00F8 (decimal 248)
   defining Unicode char U+0131 (decimal 305)
   defining Unicode char U+0141 (decimal 321)
   defining Unicode char U+0142 (decimal 322)
   defining Unicode char U+0152 (decimal 338)
   defining Unicode char U+0153 (decimal 339)
   defining Unicode char U+2013 (decimal 8211)
   defining Unicode char U+2014 (decimal 8212)
   defining Unicode char U+2018 (decimal 8216)
   defining Unicode char U+2019 (decimal 8217)
   defining Unicode char U+201C (decimal 8220)
   defining Unicode char U+201D (decimal 8221)
)
Now handling font encoding OMS ...
... processing UTF-8 mapping file for font encodingOMS

(/usr/share/texmf-texlive/tex/latex/base/omsenc.dfu
File: omsenc.dfu 2006/03/30 v1.1i UTF-8 support for inputenc
   defining Unicode char U+00A7 (decimal 167)
   defining Unicode char U+00B6 (decimal 182)
   defining Unicode char U+00B7 (decimal 183)
   defining Unicode char U+2020 (decimal 8224)
   defining Unicode char U+2021 (decimal 8225)
   defining Unicode char U+2022 (decimal 8226)
)
Now handling font encoding OMX ...
... no UTF-8 mapping file for font encoding OMX
Now handling font encoding U ...
... no UTF-8 mapping file for font encoding U
   defining Unicode char U+00A9 (decimal 169)
   defining Unicode char U+00AA (decimal 170)
   defining Unicode char U+00AE (decimal 174)
   defining Unicode char U+00BA (decimal 186)
   defining Unicode char U+02C6 (decimal 710)
   defining Unicode char U+02DC (decimal 732)
   defining Unicode char U+200C (decimal 8204)
   defining Unicode char U+2026 (decimal 8230)
   defining Unicode char U+2122 (decimal 8482)
   defining Unicode char U+2423 (decimal 9251)
))
(/usr/share/texmf-texlive/tex/generic/babel/babel.sty
Package: babel 2005/11/23 v3.8h The Babel package

(/usr/share/texmf-texlive/tex/generic/babel/swedish.ldf
Language: swedish 2005/03/31 v2.3d Swedish support from the babel system

(/usr/share/texmf-texlive/tex/generic/babel/babel.def
File: babel.def 2005/11/23 v3.8h Babel common definitions
\babel@savecnt=\count91
\U@D=\dimen107
)

Package babel Warning: No hyphenation patterns were loaded for
(babel)                the language `Swedish'
(babel)                I will use the patterns loaded for \language=0 instead.

\l@swedish = a dialect from \language0
Package babel Info: Making " an active character on input line 90.
)) (/usr/share/texmf-texlive/tex/latex/fancyhdr/fancyhdr.sty
\fancy@headwidth=\skip43
\f@ncyO@elh=\skip44
\f@ncyO@erh=\skip45
\f@ncyO@olh=\skip46
\f@ncyO@orh=\skip47
\f@ncyO@elf=\skip48
\f@ncyO@erf=\skip49
\f@ncyO@olf=\skip50
\f@ncyO@orf=\skip51
)
(/usr/share/texmf-texlive/tex/latex/graphics/graphicx.sty
Package: graphicx 1999/02/16 v1.0f Enhanced LaTeX Graphics (DPC,SPQR)

(/usr/share/texmf-texlive/tex/latex/graphics/graphics.sty
Package: graphics 2006/02/20 v1.0o Standard LaTeX Graphics (DPC,SPQR)

(/usr/share/texmf-texlive/tex/latex/graphics/trig.sty
Package: trig 1999/03/16 v1.09 sin cos tan (DPC)
)
(/etc/texmf/tex/latex/config/graphics.cfg
File: graphics.cfg 2007/01/18 v1.5 graphics configuration of teTeX/TeXLive
)
Package graphics Info: Driver file: pdftex.def on input line 90.

(/usr/share/texmf-texlive/tex/latex/pdftex-def/pdftex.def
File: pdftex.def 2007/01/08 v0.04d Graphics/color for pdfTeX
\Gread@gobject=\count92
))
\Gin@req@height=\dimen108
\Gin@req@width=\dimen109
)
(/usr/share/texmf-texlive/tex/latex/ltxmisc/import.sty) (./songs.sty
Package: songs 2010/01/01 v2.10 Songs package

(/usr/share/texmf-texlive/tex/latex/etex/etex.sty
Package: etex 1998/03/26 v2.0 eTeX basic definition package (PEB)
\et@xins=\count93
)
\SB@dimen=\dimen110
\SB@dimenii=\dimen111
\SB@dimeniii=\dimen112
\SB@dimeniv=\dimen113
\SB@box=\box26
\SB@boxii=\box27
\SB@boxiii=\box28
\SB@toks=\toks18
\SB@cnt=\count94
\SB@cntii=\count95
\SB@skip=\skip52
\c@songnum=\count96
\c@versenum=\count97
\versesep=\skip53
\baselineadj=\skip54
\idxheadwidth=\skip55
\songnumwidth=\skip56
\versenumwidth=\skip57
\cbarwidth=\skip58
\sbarheight=\skip59
\vvpenalty=\count98
\ccpenalty=\count99
\vcpenalty=\count100
\cvpenalty=\count101
\brkpenalty=\count102
\spenalty=\count103
\SB@colwidth=\dimen114
\SB@songbox=\box29
\SB@numcols=\count104
\SB@colnum=\count105
\SB@colbox=\box30
\SB@pgbox=\box31
\SB@mrkbox=\box32
\SB@titlelist=\toks19
\SB@titletail=\toks20
\SB@parindent=\dimen115
\SB@chorusbox=\box33
\SB@cmarkclass=\marks1
\SB@nocmarkclass=\marks2
\SB@srbox=\box34
\SB@transposefactor=\count106
\SB@lyric=\toks21
\SB@numhyps=\count107
\SB@lyricnohyp=\toks22
\SB@lyricbox=\box35
\SB@chordbox=\box36
\SB@cr@=\toks23
\SB@ctail=\toks24
\SB@fretwidth=\skip60
\SB@tabindent=\dimen116
\c@SB@songsnum=\count108
\SB@songwrites=\box37
\SB@idxtitlebox=\box38
LaTeX Font Info:    External font `cmex10' loaded for size
(Font)              <12> on input line 3438.
LaTeX Font Info:    External font `cmex10' loaded for size
(Font)              <8> on input line 3438.
LaTeX Font Info:    External font `cmex10' loaded for size
(Font)              <6> on input line 3438.
LaTeX Font Info:    External font `cmex10' loaded for size
(Font)              <10.95> on input line 3438.

(/usr/share/texmf-texlive/tex/latex/graphics/color.sty
Package: color 2005/11/14 v1.0j Standard LaTeX Color (DPC)

(/etc/texmf/tex/latex/config/color.cfg
File: color.cfg 2007/01/18 v1.5 color configuration of teTeX/TeXLive
)
Package color Info: Driver file: pdftex.def on input line 130.
))

LaTeX Warning: Unused global option(s):
    [a6paper,8pt,makeidx].

(./songbook.aux)
\openout1 = `songbook.aux'.

LaTeX Font Info:    Checking defaults for OML/cmm/m/it on input line 47.
LaTeX Font Info:    ... okay on input line 47.
LaTeX Font Info:    Checking defaults for T1/cmr/m/n on input line 47.
LaTeX Font Info:    ... okay on input line 47.
LaTeX Font Info:    Checking defaults for OT1/cmr/m/n on input line 47.
LaTeX Font Info:    ... okay on input line 47.
LaTeX Font Info:    Checking defaults for OMS/cmsy/m/n on input line 47.
LaTeX Font Info:    ... okay on input line 47.
LaTeX Font Info:    Checking defaults for OMX/cmex/m/n on input line 47.
LaTeX Font Info:    ... okay on input line 47.
LaTeX Font Info:    Checking defaults for U/cmr/m/n on input line 47.
LaTeX Font Info:    ... okay on input line 47.
-------------------- Geometry parameters
paper: a6paper
landscape: --
twocolumn: --
twoside: true
asymmetric: --
h-parts: 35.85083pt, 0.7\paperwidth , 53.77628pt (default)
v-parts: 50.87402pt, 0.7\paperheight , 76.3111pt (default)
hmarginratio: 2:3
vmarginratio: 2:3
lines: --
heightrounded: --
bindingoffset: 0.0pt
truedimen: --
includehead: --
includefoot: --
includemp: --
driver: pdftex
-------------------- Page layout dimensions and switches
\paperwidth  298.75394pt
\paperheight 423.94606pt
\textwidth  209.12683pt
\textheight 296.76094pt
\oddsidemargin  -36.41916pt
\evensidemargin -18.49371pt
\topmargin  -51.46346pt
\headheight 12.0pt
\headsep    18.06749pt
\footskip   25.29494pt
\marginparwidth 125.0pt
\marginparsep   7.0pt
\columnsep  10.0pt
\skip\footins  9.0pt plus 4.0pt minus 2.0pt
\hoffset 0.0pt
\voffset 0.0pt
\mag 1000
\@twosidetrue \@mparswitchtrue 
(1in=72.27pt, 1cm=28.45pt)
-----------------------
\SB@theindex=\write3
\openout3 = `register.sxd'.

 (./IHoganNord/nord.tex
<./IHoganNord/../bilder/i_hogan_nord.png, id=1, 577.1964pt x 474.8139pt>
File: ./IHoganNord/../bilder/i_hogan_nord.png Graphic file (type png)

<use ./IHoganNord/../bilder/i_hogan_nord.png>
Overfull \hbox (18.49521pt too wide) in paragraph at lines 8--9
 [] 
 []

[1

{/var/lib/texmf/fonts/map/pdftex/updmap/pdftex.map} <./IHoganNord/../bilder/i_h
ogan_nord.png>] (./IHoganNord/VartLand.tex
<./IHoganNord/../bilder/vart_land.png, id=7, 380.3811pt x 308.352pt>
File: ./IHoganNord/../bilder/vart_land.png Graphic file (type png)

<use ./IHoganNord/../bilder/vart_land.png>) [2

 <./IHoganNord/../bilder/vart_land.png>] (./IHoganNord/VasaMarsch.tex) [3

] (./IHoganNord/VaasanMarssi.tex)
[4

] (./IHoganNord/KymmenenVirranMaa.tex) [5

]
(./IHoganNord/OsterbottenOsterbotten.tex)
<./IHoganNord/../bilder/sad.jpg, id=23, 393.1488pt x 461.0826pt>
File: ./IHoganNord/../bilder/sad.jpg Graphic file (type jpg)

<use ./IHoganNord/../bilder/sad.jpg> [6

 <./IHoganNord/../bilder/sad.jpg>]
(./IHoganNord/MarschForUV.tex) [7

] (./IHoganNord/BjorneborgarnasMarsch.tex
<./IHoganNord/../bilder/bjorneborgarnas_marsch.png, id=31, 455.5419pt x 293.898
pt>
File: ./IHoganNord/../bilder/bjorneborgarnas_marsch.png Graphic file (type png)

 <use ./IHoganNord/../bilder/bjorneborgarnas_marsch.png>
Overfull \hbox (18.64355pt too wide) in paragraph at lines 31--32
 [] 
 []

) [8

] [9 <./IHoganNord/../bilder/bjorneborgarnas_marsch.png>]
(./IHoganNord/ModersmaletsSang.tex) [10

] (./IHoganNord/FinlandiaHymnen.tex)
[11

] (./IHoganNord/EnSommardagIKangasala.tex) [12

] (./IHoganNord/VidEnKalla.tex) [13

] (./IHoganNord/Sommarmarsch.tex) [14

] (./IHoganNord/DuGamlaDuFria.tex)
<./IHoganNord/../bilder/dalahast.jpg, id=55, 199.4652pt x 206.87288pt>
File: ./IHoganNord/../bilder/dalahast.jpg Graphic file (type jpg)

<use ./IHoganNord/../bilder/dalahast.jpg> [15

 <./IHoganNord/../bilder/dalahast.jpg>] (./IHoganNord/DerErEttYndigtLand.tex) [
16

] (./IHoganNord/MuIsamaa.tex)
[17

]) (./IUngdomensVar/ungdom.tex
<./IUngdomensVar/../bilder/havisamanda.jpg, id=65, 2121.9275pt x 2697.07625pt>
File: ./IUngdomensVar/../bilder/havisamanda.jpg Graphic file (type jpg)

<use ./IUngdomensVar/../bilder/havisamanda.jpg> [18


 <./IUngdomensVar/../bilder/havisamanda.jpg>] (./IUngdomensVar/Studentsang.tex)

<./IUngdomensVar/../bilder/studenten.jpg, id=69, 1592.95125pt x 2013.5225pt>
File: ./IUngdomensVar/../bilder/studenten.jpg Graphic file (type jpg)

<use ./IUngdomensVar/../bilder/studenten.jpg> [19

 <./IUngdomensVar/../bilder/studenten.jpg>] (./IUngdomensVar/Teinilaulu.tex [20

]) [21]
(./IUngdomensVar/DeBrevitateVitae.tex [22

]) (./IUngdomensVar/HoratiiOdeXxii.tex) [23] (./IUngdomensVar/UrAltHeidelberg.t
ex [24

]) [25]
(./IUngdomensVar/Majsang.tex [26

]) [27] (./IUngdomensVar/LangtanTillLandet.tex) <./IUngdomensVar/../bilder/varb
lomma.jpg, id=99, 1196.47pt x 1932.21875pt>
File: ./IUngdomensVar/../bilder/varblomma.jpg Graphic file (type jpg)

<use ./IUngdomensVar/../bilder/varblomma.jpg> [28

 <./IUngdomensVar/../bilder/varblomma.jpg>] (./IUngdomensVar/SlumrandeToner.tex
) [29

])
(./UrTorstigaStrupar/strupar.tex
<./UrTorstigaStrupar/../bilder/helanochhalvan.jpg, id=106, 280.4076pt x 384.657
07pt>
File: ./UrTorstigaStrupar/../bilder/helanochhalvan.jpg Graphic file (type jpg)
 <use ./UrTorstigaStrupar/../bilder/helanochhalvan.jpg> [30


 <./UrTorstigaStrupar/../bilder/helanochhalvan.jpg>] (./UrTorstigaStrupar/Helan
.tex)
(./UrTorstigaStrupar/Halvan.tex) (./UrTorstigaStrupar/Tersen.tex) [31

]
(./UrTorstigaStrupar/Kvarten.tex) (./UrTorstigaStrupar/Kvinten.tex) [32

]
(./UrTorstigaStrupar/Halvankaren.tex)
(./UrTorstigaStrupar/DenSallskapssjukaHalvan.tex) [33

]
(./UrTorstigaStrupar/DetSattEnMas.tex)
<./UrTorstigaStrupar/../bilder/mas.jpg, id=120, 234.8775pt x 257.64255pt>
File: ./UrTorstigaStrupar/../bilder/mas.jpg Graphic file (type jpg)

<use ./UrTorstigaStrupar/../bilder/mas.jpg> [34

 <./UrTorstigaStrupar/../bilder/mas.jpg>] (./UrTorstigaStrupar/GaPaFest.tex) [3
5

]
(./UrTorstigaStrupar/Harjarevisan.tex) (./UrTorstigaStrupar/FordomOdladeMan.tex
) [36

] [37] (./UrTorstigaStrupar/Heppeneppetepp.tex) [38

]
(./UrTorstigaStrupar/HurLangeSkallPaBordet.tex)
(./UrTorstigaStrupar/DetPerfektaGlaset.tex) [39

]
(./UrTorstigaStrupar/KassenFull.tex)
(./UrTorstigaStrupar/Infinitesimaldifferensen.tex) [40

]
(./UrTorstigaStrupar/JagHarAldrigVartPaSnusen.tex) [41

]
(./UrTorstigaStrupar/Kosmonauten.tex)
<./UrTorstigaStrupar/../bilder/kosmonauten.png, id=146, 486.3771pt x 295.8252pt
>
File: ./UrTorstigaStrupar/../bilder/kosmonauten.png Graphic file (type png)
 <use ./UrTorstigaStrupar/../bilder/kosmonauten.png>
(./UrTorstigaStrupar/MittLillaLan.tex) [42

] [43 <./UrTorstigaStrupar/../bilder/kosmonauten.png>] (./UrTorstigaStrupar/Liv
etArHarligt.tex)
<./UrTorstigaStrupar/../bilder/livet_ar_harligt.jpg, id=154, 422.7795pt x 202.1
7532pt>
File: ./UrTorstigaStrupar/../bilder/livet_ar_harligt.jpg Graphic file (type jpg
)
 <use ./UrTorstigaStrupar/../bilder/livet_ar_harligt.jpg> [44

 <./UrTorstigaStrupar/../bilder/livet_ar_harligt.jpg>]
(./UrTorstigaStrupar/MeraBrannvin.tex) (./UrTorstigaStrupar/OmCykling.tex)
[45

] (./UrTorstigaStrupar/Minnet.tex) [46

]
(./UrTorstigaStrupar/Presidentvisan.tex)
<./UrTorstigaStrupar/../bilder/hallandeflaska.jpg, id=164, 354.123pt x 407.6028
pt>
File: ./UrTorstigaStrupar/../bilder/hallandeflaska.jpg Graphic file (type jpg)
 <use ./UrTorstigaStrupar/../bilder/hallandeflaska.jpg> [47

 <./UrTorstigaStrupar/../bilder/hallandeflaska.jpg>] (./UrTorstigaStrupar/Ratta
taa.tex) [48

]
(./UrTorstigaStrupar/RenHelanSlunkitNer.tex) [49

]
(./UrTorstigaStrupar/BrannvinVatten.tex)
<./UrTorstigaStrupar/../bilder/skalandehander.jpg, id=175, 391.7034pt x 309.315
6pt>
File: ./UrTorstigaStrupar/../bilder/skalandehander.jpg Graphic file (type jpg)
 <use ./UrTorstigaStrupar/../bilder/skalandehander.jpg> [50

 <./UrTorstigaStrupar/../bilder/skalandehander.jpg>] (./UrTorstigaStrupar/Rulla
ati.tex)
[51

] (./UrTorstigaStrupar/Sibbovisan.tex) [52

]
(./UrTorstigaStrupar/SornaiGusha.tex) [53

]
(./UrTorstigaStrupar/StruntISorger.tex) (./UrTorstigaStrupar/TanaanOtetaan.tex)
[54

] (./UrTorstigaStrupar/TankOmJagHadeLillaNubben.tex)
(./UrTorstigaStrupar/TillSpritbolaget.tex) [55

] (./UrTorstigaStrupar/Tuborg.tex) <./UrTorstigaStrupar/../bilder/stop.jpg, id=
195, 323.7696pt x 398.9304pt>
File: ./UrTorstigaStrupar/../bilder/stop.jpg Graphic file (type jpg)

<use ./UrTorstigaStrupar/../bilder/stop.jpg> [56

 <./UrTorstigaStrupar/../bilder/stop.jpg>] (./UrTorstigaStrupar/UtiVarMage.tex)

(./UrTorstigaStrupar/UtiVartBarskap.tex) [57

]
(./UrTorstigaStrupar/DarSomSadesfalten.tex)
<./UrTorstigaStrupar/../bilder/javel.jpg, id=202, 163.3302pt x 322.86623pt>
File: ./UrTorstigaStrupar/../bilder/javel.jpg Graphic file (type jpg)

<use ./UrTorstigaStrupar/../bilder/javel.jpg> [58

 <./UrTorstigaStrupar/../bilder/javel.jpg>] (./UrTorstigaStrupar/VemSadeOrdet.t
ex)
(./UrTorstigaStrupar/VodkaVodka.tex) [59

] (./UrTorstigaStrupar/OlVinSprit.tex)
(./UrTorstigaStrupar/JagVarFullEnGang.tex) [60

]
(./UrTorstigaStrupar/Vikingen.tex) [61

]) (./SaHarligBouquet/bouquet.tex
LaTeX Font Info:    External font `cmex10' loaded for size
(Font)              <7> on input line 1.
LaTeX Font Info:    External font `cmex10' loaded for size
(Font)              <5> on input line 1.

<./SaHarligBouquet/../bilder/vinet.jpg, id=216, 1283.79625pt x 3038.35126pt>
File: ./SaHarligBouquet/../bilder/vinet.jpg Graphic file (type jpg)

<use ./SaHarligBouquet/../bilder/vinet.jpg> [62


 <./SaHarligBouquet/../bilder/vinet.jpg>] (./SaHarligBouquet/FredmansSang21.tex
) [63

] [64] [65]
(./SaHarligBouquet/FredmansEpistel82.tex) [66

] [67]
(./SaHarligBouquet/FredmansSangNr8.tex)
<./SaHarligBouquet/../bilder/flaskor.jpg, id=236, 451.6875pt x 368.1253pt>
File: ./SaHarligBouquet/../bilder/flaskor.jpg Graphic file (type jpg)

<use ./SaHarligBouquet/../bilder/flaskor.jpg> [68

] [69 <./SaHarligBouquet/../bilder/flaskor.jpg>] (./SaHarligBouquet/HarArGudago
ttAttVara.tex)
<./SaHarligBouquet/../bilder/klover.jpg, id=243, 293.4162pt x 281.853pt>
File: ./SaHarligBouquet/../bilder/klover.jpg Graphic file (type jpg)

<use ./SaHarligBouquet/../bilder/klover.jpg> [70

 <./SaHarligBouquet/../bilder/klover.jpg>] (./SaHarligBouquet/NarSkamtetTarOrde
t.tex)
<./SaHarligBouquet/../bilder/vinglas.jpg, id=247, 469.755pt x 1078.0275pt>
File: ./SaHarligBouquet/../bilder/vinglas.jpg Graphic file (type jpg)

<use ./SaHarligBouquet/../bilder/vinglas.jpg> [71

] [72 <./SaHarligBouquet/../bilder/vinglas.jpg>] (./SaHarligBouquet/DrickaVillJ
agVitChablis.tex) [73

]
(./SaHarligBouquet/BortAlltVadOroGor.tex) [74

]
(./SaHarligBouquet/DasKonigslied.tex) (./SaHarligBouquet/ImsigVimsig.tex)
[75

] (./SaHarligBouquet/BordeauxBordeaux.tex)
<./SaHarligBouquet/../bilder/druvor.jpg, id=264, 136.04828pt x 134.60287pt>
File: ./SaHarligBouquet/../bilder/druvor.jpg Graphic file (type jpg)

<use ./SaHarligBouquet/../bilder/druvor.jpg> [76

 <./SaHarligBouquet/../bilder/druvor.jpg>] (./SaHarligBouquet/FetaFransyskor.te
x)
<./SaHarligBouquet/../bilder/fetfransyska.jpg, id=268, 840.13875pt x 1356.06625
pt>
File: ./SaHarligBouquet/../bilder/fetfransyska.jpg Graphic file (type jpg)
 <use ./SaHarligBouquet/../bilder/fetfransyska.jpg> [77

] [78 <./SaHarligBouquet/../bilder/fetfransyska.jpg>] (./SaHarligBouquet/Nattva
rden.tex)
(./SaHarligBouquet/UpptappadBakomEnVagn.tex) [79

]
(./SaHarligBouquet/FrippesVinvisa.tex)) [80

] [81] (./ArrakAckJa/arrak.tex
<./ArrakAckJa/../bilder/punschdrickandepar.jpg, id=285, 403.80862pt x 406.33807
pt>
File: ./ArrakAckJa/../bilder/punschdrickandepar.jpg Graphic file (type jpg)
 <use ./ArrakAckJa/../bilder/punschdrickandepar.jpg> [82

 <./ArrakAckJa/../bilder/punschdrickandepar.jpg>] (./ArrakAckJa/PunschenKommer.
tex
<./ArrakAckJa/../bilder/punschenkommer.jpg, id=289, 295.76497pt x 262.15942pt>
File: ./ArrakAckJa/../bilder/punschenkommer.jpg Graphic file (type jpg)

<use ./ArrakAckJa/../bilder/punschenkommer.jpg>) [83

 <./ArrakAckJa/../bilder/punschenkommer.jpg>] (./ArrakAckJa/Punschlinjen.tex) (
./ArrakAckJa/JagGillar.tex) [84

] (./ArrakAckJa/Kaffevisa.tex
<./ArrakAckJa/../bilder/gladkaffekopp.jpg, id=296, 234.1548pt x 208.67963pt>
File: ./ArrakAckJa/../bilder/gladkaffekopp.jpg Graphic file (type jpg)

<use ./ArrakAckJa/../bilder/gladkaffekopp.jpg>) [85

 <./ArrakAckJa/../bilder/gladkaffekopp.jpg>] (./ArrakAckJa/Djungelpunsch.tex) [
86

]
(./ArrakAckJa/AllaSortersPunsch.tex) [87

] (./ArrakAckJa/Crambamboli.tex
[88

]
<./ArrakAckJa/../bilder/crambamboli.jpg, id=310, 179.59094pt x 343.82452pt>
File: ./ArrakAckJa/../bilder/crambamboli.jpg Graphic file (type jpg)

<use ./ArrakAckJa/../bilder/crambamboli.jpg>) [89 <./ArrakAckJa/../bilder/cramb
amboli.jpg>] (./ArrakAckJa/GulPunschvisa.tex)
(./ArrakAckJa/VadjanTillPunschen.tex) [90

]
(./ArrakAckJa/SkonhetetenOchOdjuret.tex
<./ArrakAckJa/../bilder/drickande_far.jpg, id=317, 364.60216pt x 381.04358pt>
File: ./ArrakAckJa/../bilder/drickande_far.jpg Graphic file (type jpg)

<use ./ArrakAckJa/../bilder/drickande_far.jpg>) [91

 <./ArrakAckJa/../bilder/drickande_far.jpg>] (./ArrakAckJa/SistaPunschvisan.tex

<./ArrakAckJa/../bilder/sistapunschvisan.jpg, id=322, 321.24014pt x 313.83247pt
>
File: ./ArrakAckJa/../bilder/sistapunschvisan.jpg Graphic file (type jpg)
 <use ./ArrakAckJa/../bilder/sistapunschvisan.jpg>)) [92

 <./ArrakAckJa/../bilder/sistapunschvisan.jpg>] (./FafaSkaSjung/fafa.tex
<./FafaSkaSjung/../bilder/fafa_ska_sjung.png, id=326, 422.0568pt x 329.3103pt>
File: ./FafaSkaSjung/../bilder/fafa_ska_sjung.png Graphic file (type png)

<use ./FafaSkaSjung/../bilder/fafa_ska_sjung.png>
Overfull \hbox (23.00511pt too wide) in paragraph at lines 7--8
[][] 
 []

[93

 <./FafaSkaSjung/../bilder/fafa_ska_sjung.png>]
(./FafaSkaSjung/EnBlamalaPlatbat.tex
<./FafaSkaSjung/../bilder/in_blamala_platbat.png, id=330, 469.0323pt x 324.0105
pt>
File: ./FafaSkaSjung/../bilder/in_blamala_platbat.png Graphic file (type png)
 <use ./FafaSkaSjung/../bilder/in_blamala_platbat.png>) [94

] [95 <./FafaSkaSjung/../bilder/in_blamala_platbat.png>]
(./FafaSkaSjung/AstuMattasOmvandelse.tex)
<./FafaSkaSjung/../bilder/brannvinsflaska.jpg, id=337, 176.3388pt x 264.5082pt>
File: ./FafaSkaSjung/../bilder/brannvinsflaska.jpg Graphic file (type jpg)
<use ./FafaSkaSjung/../bilder/brannvinsflaska.jpg> [96

] [97 <./FafaSkaSjung/../bilder/brannvinsflaska.jpg>] (./FafaSkaSjung/FullIFemt
onAr.tex) [98

]
(./FafaSkaSjung/Noppaviisa.tex [99

]) [100] (./FafaSkaSjung/KatongFields.tex)
<./FafaSkaSjung/../bilder/katongfields.png, id=354, 592.3731pt x 363.0363pt>
File: ./FafaSkaSjung/../bilder/katongfields.png Graphic file (type png)

<use ./FafaSkaSjung/../bilder/katongfields.png>

LaTeX Warning: `!h' float specifier changed to `!ht'.

[101

] [102 <./FafaSkaSjung/../bilder/katongfields.png>]
(./FafaSkaSjung/VaareIPedesi.tex)
<./FafaSkaSjung/../bilder/natur.jpg, id=361, 249.51218pt x 192.9609pt>
File: ./FafaSkaSjung/../bilder/natur.jpg Graphic file (type jpg)

<use ./FafaSkaSjung/../bilder/natur.jpg> [103

] [104 <./FafaSkaSjung/../bilder/natur.jpg>] (./FafaSkaSjung/GrannasSkithus.tex
) [105

]
(./FafaSkaSjung/NylandsNationshus.tex) (./FafaSkaSjung/NTM.tex [106

])) [107]
(./KunBotnialleSisaanAstuu/botnia.tex
<./KunBotnialleSisaanAstuu/../bilder/ostrobotnia.jpg, id=378, 420.06938pt x 451
.6875pt>
File: ./KunBotnialleSisaanAstuu/../bilder/ostrobotnia.jpg Graphic file (type jp
g)
 <use ./KunBotnialleSisaanAstuu/../bilder/ostrobotnia.jpg> [108

 <./KunBotnialleSisaanAstuu/../bilder/ostrobotnia.jpg>]
(./KunBotnialleSisaanAstuu/FestmarschForVasaNation.tex) [109

] [110]
(./KunBotnialleSisaanAstuu/SangenOmVasungaflickan.tex) [111

]
(./KunBotnialleSisaanAstuu/RammensVisa.tex) [112

]
(./KunBotnialleSisaanAstuu/RammensText.tex
Overfull \hbox (3.92345pt too wide) in paragraph at lines 10--34
\OT1/cmr/m/n/8 gan-s-ka prim-i-tivt, men mat-en varf[]ortr[]afflig och betj[]an
ingen
 []

[113

]
Overfull \hbox (0.17062pt too wide) in paragraph at lines 35--55
\OT1/cmr/m/n/8 han up-pen-ba-rade sig i ett glatt lag p^^Wa Os-trobot-nia. N^^W
agon
 []


Overfull \hbox (5.97905pt too wide) in paragraph at lines 56--64
\OT1/cmr/m/n/8 bos[]atta sig i hennes vil-la vid Medel-havet f[]or sin ^^Waters
t^^Waende
 []

[114]
Overfull \hbox (11.62135pt too wide) in paragraph at lines 65--80
[]\OT1/cmr/m/n/8 Rammens visa skrevs v^^Warvintern 1913 av Thure Svedlin,
 []


Overfull \hbox (11.94023pt too wide) in paragraph at lines 65--80
\OT1/cmr/m/n/8 ku-ra-tor Ar-tur Ek-lund ber[]attar i dik-ten ``Ett K[]onigs- mi
nne'',
 []


Overfull \hbox (8.96103pt too wide) in paragraph at lines 65--80
\OT1/cmr/m/n/8 Mikaels-gatan f[]or att med gemen-sam-ma krafter ^^Wastadkomma
 []

[115]) (./KunBotnialleSisaanAstuu/EttKonigsminne.tex)
<./KunBotnialleSisaanAstuu/../bilder/rammens_visa.png, id=406, 423.0204pt x 226
.9278pt>
File: ./KunBotnialleSisaanAstuu/../bilder/rammens_visa.png Graphic file (type p
ng)
 <use ./KunBotnialleSisaanAstuu/../bilder/rammens_visa.png> [116

]
[117] [118 <./KunBotnialleSisaanAstuu/../bilder/rammens_visa.png>]
(./KunBotnialleSisaanAstuu/OsterbottniskDryckesvisa.tex)
(./KunBotnialleSisaanAstuu/PiasSnapsvisa.tex) [119

]
(./KunBotnialleSisaanAstuu/KunVeikot.tex)
<./KunBotnialleSisaanAstuu/../bilder/kun_veikot.png, id=419, 460.119pt x 289.56
18pt>
File: ./KunBotnialleSisaanAstuu/../bilder/kun_veikot.png Graphic file (type png
)
 <use ./KunBotnialleSisaanAstuu/../bilder/kun_veikot.png> [120

] [121 <./KunBotnialleSisaanAstuu/../bilder/kun_veikot.png>]
(./KunBotnialleSisaanAstuu/ViSkalarForVaraVanner.tex)
(./KunBotnialleSisaanAstuu/PappaKomBort.tex)
<./KunBotnialleSisaanAstuu/../bilder/pappa.jpg, id=427, 303.17265pt x 188.80537
pt>
File: ./KunBotnialleSisaanAstuu/../bilder/pappa.jpg Graphic file (type jpg)
 <use ./KunBotnialleSisaanAstuu/../bilder/pappa.jpg> [122

 <./KunBotnialleSisaanAstuu/../bilder/pappa.jpg>] (./KunBotnialleSisaanAstuu/Ja
gArVasung.tex)
[123

] (./KunBotnialleSisaanAstuu/TvaVandrandeGesaller.tex) [124

]
(./KunBotnialleSisaanAstuu/KaksKisallia.tex) [125

]
(./KunBotnialleSisaanAstuu/LauletaanpaMeNuoretPojat.tex) [126

]
(./KunBotnialleSisaanAstuu/IsooAnttiJaRannanjarvi.tex) [127

])
(./AuldAcquaintance/auld.tex
<./AuldAcquaintance/../bilder/auld.jpg, id=447, 351.9549pt x 399.11107pt>
File: ./AuldAcquaintance/../bilder/auld.jpg Graphic file (type jpg)

<use ./AuldAcquaintance/../bilder/auld.jpg> [128


 <./AuldAcquaintance/../bilder/auld.jpg>] (./AuldAcquaintance/JagTrivsBastIOste
rbotten.tex) [129

]
(./AuldAcquaintance/INorrlandVaxerDet.tex)
<./AuldAcquaintance/../bilder/inorrland.jpg, id=454, 318.53003pt x 344.0052pt>
File: ./AuldAcquaintance/../bilder/inorrland.jpg Graphic file (type jpg)

<use ./AuldAcquaintance/../bilder/inorrland.jpg> [130

 <./AuldAcquaintance/../bilder/inorrland.jpg>] (./AuldAcquaintance/ViKomFranNor
rland.tex) [131

] [132]
(./AuldAcquaintance/Kalmarevisan.tex)
<./AuldAcquaintance/../bilder/bonde.jpg, id=464, 235.05818pt x 228.55388pt>
File: ./AuldAcquaintance/../bilder/bonde.jpg Graphic file (type jpg)

<use ./AuldAcquaintance/../bilder/bonde.jpg> [133

] [134 <./AuldAcquaintance/../bilder/bonde.jpg>] (./AuldAcquaintance/LossisNime
gaGradesko.tex) [135

]
(./AuldAcquaintance/MeMottedOnPriid.tex) [136

]
(./AuldAcquaintance/Aquaviten.tex)
<./AuldAcquaintance/../bilder/dansk.jpg, id=478, 136.95164pt x 324.31163pt>
File: ./AuldAcquaintance/../bilder/dansk.jpg Graphic file (type jpg)

<use ./AuldAcquaintance/../bilder/dansk.jpg> [137

 <./AuldAcquaintance/../bilder/dansk.jpg>] (./AuldAcquaintance/ViinaPainaa.tex)
 [138

]
(./AuldAcquaintance/JosEukkosiKieltaa.tex) [139

] [140]
(./AuldAcquaintance/TrinkTrink.tex)
<./AuldAcquaintance/../bilder/trinktrink.jpg, id=492, 305.7021pt x 315.8199pt>
File: ./AuldAcquaintance/../bilder/trinktrink.jpg Graphic file (type jpg)

<use ./AuldAcquaintance/../bilder/trinktrink.jpg> [141

 <./AuldAcquaintance/../bilder/trinktrink.jpg>] (./AuldAcquaintance/Urbummellie
d.tex) [142

]
(./AuldAcquaintance/SoTrollnWirUns.tex) [143

] [144]
(./AuldAcquaintance/AuldLangSyne.tex) [145

]
(./AuldAcquaintance/WhatShouldWeDo.tex) [146

]
(./AuldAcquaintance/KukaHelvetti.tex)) [147

] (./BlomdoftIMelodin/blomdoft.tex
<./BlomdoftIMelodin/../bilder/blomdoft.jpg, id=515, 1562.83875pt x 1603.9925pt>
File: ./BlomdoftIMelodin/../bilder/blomdoft.jpg Graphic file (type jpg)
<use ./BlomdoftIMelodin/../bilder/blomdoft.jpg> [148

 <./BlomdoftIMelodin/../bilder/blomdoft.jpg>] (./BlomdoftIMelodin/BaklandetsVac
kraMaja.tex) [149

]
(./BlomdoftIMelodin/BalladenOmHerrFredrikAkare.tex) [150

]
(./BlomdoftIMelodin/CalleSchewensVals.tex)
<./BlomdoftIMelodin/../bilder/varsomhelst.jpg, id=525, 172.36395pt x 380.1402pt
>
File: ./BlomdoftIMelodin/../bilder/varsomhelst.jpg Graphic file (type jpg)
 <use ./BlomdoftIMelodin/../bilder/varsomhelst.jpg> [151

] [152 <./BlomdoftIMelodin/../bilder/varsomhelst.jpg>] (./BlomdoftIMelodin/DetV
arDansBortIVagen.tex)
[153

] [154] (./BlomdoftIMelodin/EnSjomanAlskarHavetsVag.tex) [155

]
(./BlomdoftIMelodin/Folkvisa.tex)
<./BlomdoftIMelodin/../bilder/eloveena.jpg, id=542, 344.7279pt x 285.28583pt>
File: ./BlomdoftIMelodin/../bilder/eloveena.jpg Graphic file (type jpg)

<use ./BlomdoftIMelodin/../bilder/eloveena.jpg> [156

 <./BlomdoftIMelodin/../bilder/eloveena.jpg>] (./BlomdoftIMelodin/FotenIEnPotta
.tex) [157

] [158]
(./BlomdoftIMelodin/FredmansEpistelNr9.tex) [159

] [160]
(./BlomdoftIMelodin/FredmansEpistelNr64.tex)
<./BlomdoftIMelodin/../bilder/fjaril.jpg, id=559, 211.0284pt x 293.4162pt>
File: ./BlomdoftIMelodin/../bilder/fjaril.jpg Graphic file (type jpg)

<use ./BlomdoftIMelodin/../bilder/fjaril.jpg> [161

 <./BlomdoftIMelodin/../bilder/fjaril.jpg>] (./BlomdoftIMelodin/HarDuVisorMinVa
n.tex) [162

]
(./BlomdoftIMelodin/Hostvisa.tex)
<./BlomdoftIMelodin/../bilder/hjarta.jpg, id=566, 1136.245pt x 780.9175pt>
File: ./BlomdoftIMelodin/../bilder/hjarta.jpg Graphic file (type jpg)

<use ./BlomdoftIMelodin/../bilder/hjarta.jpg> [163

] [164 <./BlomdoftIMelodin/../bilder/hjarta.jpg>] (./BlomdoftIMelodin/JagTrorPa
Sommaren.tex) [165

]
(./BlomdoftIMelodin/JungmanJansson.tex) [166

] [167]
(./BlomdoftIMelodin/Kostervalsen.tex) [168

] [169]
(./BlomdoftIMelodin/KristallenDenFina.tex) [170

]
(./BlomdoftIMelodin/MenLiljornaDeVaxaUppOmVaren.tex) [171

]
(./BlomdoftIMelodin/Morgonvisa.tex) [172

] (./BlomdoftIMelodin/OppnaLandskap.tex) [173

] [174] (./BlomdoftIMelodin/PlockaVillJagSkogsviol.tex)
<./BlomdoftIMelodin/../bilder/ros.jpg, id=605, 1356.06625pt x 1009.7725pt>
File: ./BlomdoftIMelodin/../bilder/ros.jpg Graphic file (type jpg)

<use ./BlomdoftIMelodin/../bilder/ros.jpg> [175

] [176 <./BlomdoftIMelodin/../bilder/ros.jpg>] (./BlomdoftIMelodin/RosaPaBal.te
x) [177

] [178]
(./BlomdoftIMelodin/SaLangeSkutanKanGa.tex) [179

] [180]
(./BlomdoftIMelodin/SaSkimrandeVarAldrigHavet.tex)
<./BlomdoftIMelodin/../bilder/skargard.jpg, id=625, 466.8642pt x 310.761pt>
File: ./BlomdoftIMelodin/../bilder/skargard.jpg Graphic file (type jpg)

<use ./BlomdoftIMelodin/../bilder/skargard.jpg> [181

 <./BlomdoftIMelodin/../bilder/skargard.jpg>] (./BlomdoftIMelodin/SjosalaVals.t
ex) [182

] [183]
(./BlomdoftIMelodin/SvinnstaSkar.tex) [184

] [185]
(./BlomdoftIMelodin/UnderRonnOchSyren.tex) [186

] [187]
(./BlomdoftIMelodin/VarvindarFriska.tex) [188

]
(./BlomdoftIMelodin/VisaVidVindensAngar.tex) [189

]
(./BlomdoftIMelodin/UtiVarHage.tex) [190

] (./BlomdoftIMelodin/Batlat.tex)
[191

] [192]) (./Silliskapitel/sillis.tex
<./Silliskapitel/../bilder/sillis.png, id=664, 284.262pt x 199.947pt>
File: ./Silliskapitel/../bilder/sillis.png Graphic file (type png)

<use ./Silliskapitel/../bilder/sillis.png>
Overfull \hbox (18.28307pt too wide) in paragraph at lines 5--6
 [] 
 []

[193


 <./Silliskapitel/../bilder/sillis.png>] (./Silliskapitel/MjolkensLov.tex)
<./Silliskapitel/../bilder/ko.jpg, id=669, 278.9622pt x 290.5254pt>
File: ./Silliskapitel/../bilder/ko.jpg Graphic file (type jpg)

<use ./Silliskapitel/../bilder/ko.jpg> [194

 <./Silliskapitel/../bilder/ko.jpg>] (./Silliskapitel/Antisnapsvisa.tex) (./Sil
liskapitel/Morgonstund.tex) [195

]
(./Silliskapitel/Kopparslagaren.tex) [196

] (./Silliskapitel/KissISangen.tex)
[197

] (./Silliskapitel/PinkaVillJagGarna.tex)
<./Silliskapitel/../bilder/kissnodigflicka.jpg, id=682, 203.0787pt x 302.0886pt
>
File: ./Silliskapitel/../bilder/kissnodigflicka.jpg Graphic file (type jpg)
 <use ./Silliskapitel/../bilder/kissnodigflicka.jpg> [198

 <./Silliskapitel/../bilder/kissnodigflicka.jpg>] (./Silliskapitel/LitenJumbo.t
ex) [199

]
(./Silliskapitel/DrommarOmBrannvin.tex)
<./Silliskapitel/../bilder/far.jpg, id=690, 216.99068pt x 221.32687pt>
File: ./Silliskapitel/../bilder/far.jpg Graphic file (type jpg)

<use ./Silliskapitel/../bilder/far.jpg> [200

 <./Silliskapitel/../bilder/far.jpg>] (./Silliskapitel/JamlikVisa.tex) (./Silli
skapitel/SolenDenGarUppONer.tex)
[201

] (./Silliskapitel/FinlandFinlandFinland.tex [202

])
<./Silliskapitel/../bilder/finland.jpg, id=700, 191.33482pt x 367.49295pt>
File: ./Silliskapitel/../bilder/finland.jpg Graphic file (type jpg)

<use ./Silliskapitel/../bilder/finland.jpg> [203 <./Silliskapitel/../bilder/fin
land.jpg>] (./Silliskapitel/GorMigTillFinlandssvensk.tex) [204

]
(./Silliskapitel/IFinlandsDjupaSkogar.tex) [205

] (./Silliskapitel/Undulaten.tex) <./Silliskapitel/../bilder/undulaten.png, id=
711, 413.6253pt x 238.9728pt>
File: ./Silliskapitel/../bilder/undulaten.png Graphic file (type png)

<use ./Silliskapitel/../bilder/undulaten.png> [206

] [207 <./Silliskapitel/../bilder/undulaten.png>] (./Silliskapitel/ViVillHaMera
RyssarUppIRymden.tex)
[208

] (./Silliskapitel/Smogenvisan.tex) [209

] (./Silliskapitel/TackStaten.tex)
(./Silliskapitel/OmJagSkaPaFest.tex) (./Silliskapitel/Koskenkorva.tex)
<./Silliskapitel/../bilder/alg.jpg, id=724, 354.8457pt x 508.23877pt>
File: ./Silliskapitel/../bilder/alg.jpg Graphic file (type jpg)

<use ./Silliskapitel/../bilder/alg.jpg> [210

] [211 <./Silliskapitel/../bilder/alg.jpg>] (./Silliskapitel/Lambo.tex) [212

] (./Silliskapitel/WeArePlojing.tex)
(./Silliskapitel/VikarOVass.tex [213

]) [214]) (./register.sbx
Overfull \hbox (6.88539pt too wide) in paragraph at lines 18--18
 \OT1/cmr/m/n/10 Bj[]orneborgarnas 
 []

) (./register.sbx
Overfull \hbox (10.52428pt too wide) in paragraph at lines 93--93
 \OT1/cmr/m/n/10 Fin-landssven-sk 170 
 []


Overfull \hbox (40.35765pt too wide) in paragraph at lines 123--123
 \OT1/cmr/m/n/10 In-finites-imald-if-fer-ensen 39 
 []


Overfull \hbox (9.16316pt too wide) in paragraph at lines 256--256
 \OT1/cmr/m/n/10 Va-sun-gaflick-an 102 
 []

) [215


] [216] [217] [218] [219] [220] [221] [222] [223] [224] (./songbook.aux) ) 
Here is how much of TeX's memory you used:
 3332 strings out of 95086
 56792 string characters out of 1183255
 158436 words of memory out of 1500000
 5847 multiletter control sequences out of 10000+50000
 10874 words of font info for 37 fonts, out of 1200000 for 2000
 28 hyphenation exceptions out of 8191
 31i,7n,43p,229b,264s stack positions out of 5000i,500n,6000p,200000b,5000s
</usr
/share/texmf-texlive/fonts/type1/bluesky/cm/cmbx5.pfb></usr/share/texmf-texlive
/fonts/type1/bluesky/cm/cmbx8.pfb></usr/share/texmf-texlive/fonts/type1/bluesky
/cm/cmr10.pfb></usr/share/texmf-texlive/fonts/type1/bluesky/cm/cmr5.pfb></usr/s
hare/texmf-texlive/fonts/type1/bluesky/cm/cmr8.pfb></usr/share/texmf-texlive/fo
nts/type1/bluesky/cm/cmss12.pfb></usr/share/texmf-texlive/fonts/type1/bluesky/c
m/cmssbx10.pfb></usr/share/texmf-texlive/fonts/type1/bluesky/cm/cmti12.pfb>
Output written on songbook.pdf (224 pages, 27309463 bytes).
PDF statistics:
 810 PDF objects out of 1000 (max. 8388607)
 0 named destinations out of 1000 (max. 131072)
 281 words of extra memory for PDF output out of 10000 (max. 10000000)

